Using pre-set license
Built from '2020.3/china_unity/release' branch; Version is '2020.3.0f1c1 (1e553bf703d9) revision 1987899'; Using compiler version '192528614'; Build Type 'Release'
OS: 'Windows 10 Pro; OS build 19042.985; Version 2009; 64bit' Language: 'zh' Physical Memory: 16295 MB
BatchMode: 1, IsHumanControllingUs: 0, StartBugReporterOnCrash: 0, Is64bit: 1, IsPro: 0

 COMMAND LINE ARGUMENTS:
D:\Program Files\Unity\2020.3.0f1c1\Editor\Unity.exe
-adb2
-batchMode
-noUpm
-name
AssetImportWorker0
-projectPath
C:/Users/Administrator/Desktop/TeamProject_2021-main/TeamProject
-logFile
Logs/AssetImportWorker0.log
-srvPort
11920
Successfully changed project path to: C:/Users/Administrator/Desktop/TeamProject_2021-main/TeamProject
C:/Users/Administrator/Desktop/TeamProject_2021-main/TeamProject
Using Asset Import Pipeline V2.
Refreshing native plugins compatible for Editor in 21.18 ms, found 0 plugins.
Preloading 0 native plugins for Editor in 0.00 ms.
Initialize engine version: 2020.3.0f1c1 (1e553bf703d9)
[Subsystems] Discovering subsystems at path D:/Program Files/Unity/2020.3.0f1c1/Editor/Data/Resources/UnitySubsystems
[Subsystems] Discovering subsystems at path C:/Users/Administrator/Desktop/TeamProject_2021-main/TeamProject/Assets
GfxDevice: creating device client; threaded=0
Direct3D:
    Version:  Direct3D 11.0 [level 11.1]
    Renderer: NVIDIA GeForce GTX 1070 (ID=0x1b81)
    Vendor:   
    VRAM:     8088 MB
    Driver:   27.21.14.5671
Initialize mono
Mono path[0] = 'D:/Program Files/Unity/2020.3.0f1c1/Editor/Data/Managed'
Mono path[1] = 'D:/Program Files/Unity/2020.3.0f1c1/Editor/Data/MonoBleedingEdge/lib/mono/unityjit'
Mono config path = 'D:/Program Files/Unity/2020.3.0f1c1/Editor/Data/MonoBleedingEdge/etc'
Using monoOptions --debugger-agent=transport=dt_socket,embedding=1,server=y,suspend=n,address=127.0.0.1:56600
Begin MonoManager ReloadAssembly
Registering precompiled unity dll's ...
Register platform support module: D:/Program Files/Unity/2020.3.0f1c1/Editor/Data/PlaybackEngines/WindowsStandaloneSupport/UnityEditor.WindowsStandalone.Extensions.dll
Registered in 0.000867 seconds.
Native extension for WindowsStandalone target not found
Refreshing native plugins compatible for Editor in 21.48 ms, found 0 plugins.
Preloading 0 native plugins for Editor in 0.00 ms.
Invoked RoslynAnalysisRunner static constructor.
RoslynAnalysisRunner will not be running.
RoslynAnalysisRunner has terminated.
Mono: successfully reloaded assembly
- Completed reload, in  1.071 seconds
Platform modules already initialized, skipping
Registering precompiled user dll's ...
Registered in 0.000575 seconds.
Begin MonoManager ReloadAssembly
Native extension for WindowsStandalone target not found
Refreshing native plugins compatible for Editor in 0.21 ms, found 0 plugins.
Preloading 0 native plugins for Editor in 0.00 ms.
Invoked RoslynAnalysisRunner static constructor.
RoslynAnalysisRunner will not be running.
RoslynAnalysisRunner has terminated.
Mono: successfully reloaded assembly
- Completed reload, in  0.654 seconds
Platform modules already initialized, skipping
========================================================================
Worker process is ready to serve import requests
Launched and connected shader compiler UnityShaderCompiler.exe after 0.05 seconds
Refreshing native plugins compatible for Editor in 0.20 ms, found 0 plugins.
Preloading 0 native plugins for Editor in 0.00 ms.
Unloading 1238 Unused Serialized files (Serialized files now loaded: 0)
System memory in use before: 70.1 MB.
System memory in use after: 70.2 MB.

Unloading 9 unused Assets to reduce memory usage. Loaded Objects now: 1682.
Total: 1.525900 ms (FindLiveObjects: 0.103700 ms CreateObjectMapping: 0.029400 ms MarkObjects: 1.331500 ms  DeleteObjects: 0.060500 ms)

========================================================================
Received Import Request.
  path: Assets/UI Source
  artifactKey: Guid(f61e055a4df1d82499665bac97c34e5d) Importer(815301076,1909f56bfc062723c751e8b465ee728b)
Start importing Assets/UI Source using Guid(f61e055a4df1d82499665bac97c34e5d) Importer(815301076,1909f56bfc062723c751e8b465ee728b)  -> (artifact id: 'f7f3348cf7a63c6a6bc00f09b6a5e015') in 0.004464 seconds
  Import took 0.006007 seconds .

========================================================================
Received Import Request.
  Time since last request: 0.516858 seconds.
  path: Assets/Prefab/Object/Tittle BGM Player.prefab
  artifactKey: Guid(03b906700acc31846b82bd4c68067083) Importer(815301076,1909f56bfc062723c751e8b465ee728b)
Start importing Assets/Prefab/Object/Tittle BGM Player.prefab using Guid(03b906700acc31846b82bd4c68067083) Importer(815301076,1909f56bfc062723c751e8b465ee728b)  -> (artifact id: '0b1510e331752dc1cf331a6d9a58fdd2') in 0.042618 seconds
  Import took 0.044331 seconds .

========================================================================
Received Import Request.
  Time since last request: 6.797396 seconds.
  path: Assets/Flat UI
  artifactKey: Guid(5a06c72e8434f624782f49edf3080e8e) Importer(815301076,1909f56bfc062723c751e8b465ee728b)
Start importing Assets/Flat UI using Guid(5a06c72e8434f624782f49edf3080e8e) Importer(815301076,1909f56bfc062723c751e8b465ee728b)  -> (artifact id: '4916ccce119da03581eea5e9e81260f1') in 0.003058 seconds
  Import took 0.005037 seconds .

========================================================================
Received Import Request.
  Time since last request: 0.000954 seconds.
  path: Assets/Flat UI
  artifactKey: Guid(5a06c72e8434f624782f49edf3080e8e) Importer(815301076,1909f56bfc062723c751e8b465ee728b)
Start importing Assets/Flat UI using Guid(5a06c72e8434f624782f49edf3080e8e) Importer(815301076,1909f56bfc062723c751e8b465ee728b)  -> (artifact id: '4916ccce119da03581eea5e9e81260f1') in 0.002673 seconds
  Import took 0.004350 seconds .

========================================================================
Received Import Request.
  Time since last request: 2.674034 seconds.
  path: Assets/Flat UI/Textures
  artifactKey: Guid(fdbca6dc5d1d6f74ba03759b306907b0) Importer(815301076,1909f56bfc062723c751e8b465ee728b)
Start importing Assets/Flat UI/Textures using Guid(fdbca6dc5d1d6f74ba03759b306907b0) Importer(815301076,1909f56bfc062723c751e8b465ee728b)  -> (artifact id: '4996c2431d54b459d0ffcf189c331ad8') in 0.002982 seconds
  Import took 0.005075 seconds .

========================================================================
Received Import Request.
  Time since last request: 0.000666 seconds.
  path: Assets/Flat UI/Textures
  artifactKey: Guid(fdbca6dc5d1d6f74ba03759b306907b0) Importer(815301076,1909f56bfc062723c751e8b465ee728b)
Start importing Assets/Flat UI/Textures using Guid(fdbca6dc5d1d6f74ba03759b306907b0) Importer(815301076,1909f56bfc062723c751e8b465ee728b)  -> (artifact id: '4996c2431d54b459d0ffcf189c331ad8') in 0.002981 seconds
  Import took 0.005006 seconds .

========================================================================
Received Import Request.
  Time since last request: 0.408294 seconds.
  path: Assets/Flat UI/Scene
  artifactKey: Guid(f669ed2092cec734eb5a0f443ec229a6) Importer(815301076,1909f56bfc062723c751e8b465ee728b)
Start importing Assets/Flat UI/Scene using Guid(f669ed2092cec734eb5a0f443ec229a6) Importer(815301076,1909f56bfc062723c751e8b465ee728b)  -> (artifact id: 'abbf5e066de7acdceb2909a1cafab10c') in 0.003531 seconds
  Import took 0.005300 seconds .

========================================================================
Received Import Request.
  Time since last request: 0.000768 seconds.
  path: Assets/Flat UI/Scene
  artifactKey: Guid(f669ed2092cec734eb5a0f443ec229a6) Importer(815301076,1909f56bfc062723c751e8b465ee728b)
Start importing Assets/Flat UI/Scene using Guid(f669ed2092cec734eb5a0f443ec229a6) Importer(815301076,1909f56bfc062723c751e8b465ee728b)  -> (artifact id: 'abbf5e066de7acdceb2909a1cafab10c') in 0.002371 seconds
  Import took 0.003943 seconds .

========================================================================
Received Import Request.
  Time since last request: 1.786326 seconds.
  path: Assets/Flat UI/Scene/Demo.unity
  artifactKey: Guid(b562f606c6b61c442a65248b45b05e27) Importer(815301076,1909f56bfc062723c751e8b465ee728b)
Start importing Assets/Flat UI/Scene/Demo.unity using Guid(b562f606c6b61c442a65248b45b05e27) Importer(815301076,1909f56bfc062723c751e8b465ee728b)  -> (artifact id: 'eed870bf262224c8205135e4f3fc8771') in 0.003407 seconds
  Import took 0.005142 seconds .

========================================================================
Received Import Request.
  Time since last request: 0.000489 seconds.
  path: Assets/Flat UI/Scene/Demo.unity
  artifactKey: Guid(b562f606c6b61c442a65248b45b05e27) Importer(815301076,1909f56bfc062723c751e8b465ee728b)
Start importing Assets/Flat UI/Scene/Demo.unity using Guid(b562f606c6b61c442a65248b45b05e27) Importer(815301076,1909f56bfc062723c751e8b465ee728b)  -> (artifact id: 'eed870bf262224c8205135e4f3fc8771') in 0.002573 seconds
  Import took 0.004119 seconds .

========================================================================
Received Import Request.
  Time since last request: 7.282818 seconds.
  path: Assets/#NVJOB Alpha Flashing UI/Example Scenes
  artifactKey: Guid(22ab7c4f5efb7034e80f0e86e49a9747) Importer(815301076,1909f56bfc062723c751e8b465ee728b)
Start importing Assets/#NVJOB Alpha Flashing UI/Example Scenes using Guid(22ab7c4f5efb7034e80f0e86e49a9747) Importer(815301076,1909f56bfc062723c751e8b465ee728b)  -> (artifact id: '567ea178511b2174be46148ff9c4cf4a') in 0.003403 seconds
  Import took 0.005131 seconds .

========================================================================
Received Import Request.
  Time since last request: 2.403951 seconds.
  path: Assets/#NVJOB Alpha Flashing UI/Example Scenes/Scenes/Example 0 (Script).unity
  artifactKey: Guid(9f5e930f4ebeeb345ba9dbc444ec9587) Importer(815301076,1909f56bfc062723c751e8b465ee728b)
Start importing Assets/#NVJOB Alpha Flashing UI/Example Scenes/Scenes/Example 0 (Script).unity using Guid(9f5e930f4ebeeb345ba9dbc444ec9587) Importer(815301076,1909f56bfc062723c751e8b465ee728b)  -> (artifact id: '23d009982ab551931704ba74777e248d') in 0.003626 seconds
  Import took 0.005327 seconds .

========================================================================
Received Import Request.
  Time since last request: 9.848634 seconds.
  path: Assets/#NVJOB Alpha Flashing UI/Example Scenes/Scenes/Example 1 (Shaders).unity
  artifactKey: Guid(b7aa956847595a141b4e6d16ae17442c) Importer(815301076,1909f56bfc062723c751e8b465ee728b)
Start importing Assets/#NVJOB Alpha Flashing UI/Example Scenes/Scenes/Example 1 (Shaders).unity using Guid(b7aa956847595a141b4e6d16ae17442c) Importer(815301076,1909f56bfc062723c751e8b465ee728b)  -> (artifact id: '1b7f06c1e928326946089a355fd2449b') in 0.003673 seconds
  Import took 0.005627 seconds .

========================================================================
Received Import Request.
  Time since last request: 0.000589 seconds.
  path: Assets/#NVJOB Alpha Flashing UI/Example Scenes/Scenes/Example 1 (Shaders).unity
  artifactKey: Guid(b7aa956847595a141b4e6d16ae17442c) Importer(815301076,1909f56bfc062723c751e8b465ee728b)
Start importing Assets/#NVJOB Alpha Flashing UI/Example Scenes/Scenes/Example 1 (Shaders).unity using Guid(b7aa956847595a141b4e6d16ae17442c) Importer(815301076,1909f56bfc062723c751e8b465ee728b)  -> (artifact id: '1b7f06c1e928326946089a355fd2449b') in 0.002882 seconds
  Import took 0.004789 seconds .

========================================================================
Received Prepare
Registering precompiled user dll's ...
Registered in 0.000529 seconds.
Begin MonoManager ReloadAssembly
Native extension for WindowsStandalone target not found
Refreshing native plugins compatible for Editor in 0.20 ms, found 0 plugins.
Preloading 0 native plugins for Editor in 0.00 ms.
Invoked RoslynAnalysisRunner static constructor.
RoslynAnalysisRunner will not be running.
RoslynAnalysisRunner has terminated.
Mono: successfully reloaded assembly
- Completed reload, in  0.609 seconds
Platform modules already initialized, skipping
Refreshing native plugins compatible for Editor in 0.20 ms, found 0 plugins.
Preloading 0 native plugins for Editor in 0.00 ms.
Unloading 1165 Unused Serialized files (Serialized files now loaded: 0)
System memory in use before: 64.8 MB.
System memory in use after: 64.9 MB.

Unloading 4 unused Assets to reduce memory usage. Loaded Objects now: 1685.
Total: 1.796200 ms (FindLiveObjects: 0.243300 ms CreateObjectMapping: 0.066900 ms MarkObjects: 1.469300 ms  DeleteObjects: 0.015700 ms)

========================================================================
Received Prepare
Registering precompiled user dll's ...
Registered in 0.000517 seconds.
Begin MonoManager ReloadAssembly
Native extension for WindowsStandalone target not found
Refreshing native plugins compatible for Editor in 0.20 ms, found 0 plugins.
Preloading 0 native plugins for Editor in 0.00 ms.
Invoked RoslynAnalysisRunner static constructor.
RoslynAnalysisRunner will not be running.
RoslynAnalysisRunner has terminated.
Mono: successfully reloaded assembly
- Completed reload, in  0.609 seconds
Platform modules already initialized, skipping
Refreshing native plugins compatible for Editor in 0.20 ms, found 0 plugins.
Preloading 0 native plugins for Editor in 0.00 ms.
Unloading 1165 Unused Serialized files (Serialized files now loaded: 0)
System memory in use before: 64.8 MB.
System memory in use after: 64.9 MB.

Unloading 4 unused Assets to reduce memory usage. Loaded Objects now: 1688.
Total: 1.369500 ms (FindLiveObjects: 0.140700 ms CreateObjectMapping: 0.038300 ms MarkObjects: 1.177400 ms  DeleteObjects: 0.012100 ms)

========================================================================
Received Import Request.
  Time since last request: 147.947335 seconds.
  path: Assets/Script/CodeFormatExample
  artifactKey: Guid(1bb259d0f36440841b65889436da8ddb) Importer(815301076,1909f56bfc062723c751e8b465ee728b)
Start importing Assets/Script/CodeFormatExample using Guid(1bb259d0f36440841b65889436da8ddb) Importer(815301076,1909f56bfc062723c751e8b465ee728b)  -> (artifact id: 'd866f4e843a333b8f30a6d6ea3ac3155') in 0.005111 seconds
  Import took 0.006853 seconds .

========================================================================
Received Import Request.
  Time since last request: 2.001386 seconds.
  path: Assets/Script/CodeFormatExample/CodeFormatExample.cs
  artifactKey: Guid(0d3b34fc588fedf45bc6dfa5377ad400) Importer(815301076,1909f56bfc062723c751e8b465ee728b)
Start importing Assets/Script/CodeFormatExample/CodeFormatExample.cs using Guid(0d3b34fc588fedf45bc6dfa5377ad400) Importer(815301076,1909f56bfc062723c751e8b465ee728b)  -> (artifact id: '548c41cb1fe9a250920e78cc0cbd7b8c') in 0.009589 seconds
  Import took 0.011292 seconds .

========================================================================
Received Import Request.
  Time since last request: 0.000437 seconds.
  path: Assets/Script/CodeFormatExample/CodeFormatExample.cs
  artifactKey: Guid(0d3b34fc588fedf45bc6dfa5377ad400) Importer(815301076,1909f56bfc062723c751e8b465ee728b)
Start importing Assets/Script/CodeFormatExample/CodeFormatExample.cs using Guid(0d3b34fc588fedf45bc6dfa5377ad400) Importer(815301076,1909f56bfc062723c751e8b465ee728b)  -> (artifact id: '548c41cb1fe9a250920e78cc0cbd7b8c') in 0.002512 seconds
  Import took 0.004214 seconds .

========================================================================
Received Import Request.
  Time since last request: 28.119504 seconds.
  path: Assets/Scenes/OptionsSettings.lighting
  artifactKey: Guid(55de86d1b69d98d47be7db3435b0bd17) Importer(815301076,1909f56bfc062723c751e8b465ee728b)
Start importing Assets/Scenes/OptionsSettings.lighting using Guid(55de86d1b69d98d47be7db3435b0bd17) Importer(815301076,1909f56bfc062723c751e8b465ee728b)  -> (artifact id: 'bf84a221427a00720c5e0a49a2d71e88') in 0.010882 seconds
  Import took 0.012636 seconds .

========================================================================
Received Import Request.
  Time since last request: 0.911793 seconds.
  path: Assets/Scenes/OptionsSettings.lighting
  artifactKey: Guid(55de86d1b69d98d47be7db3435b0bd17) Importer(815301076,1909f56bfc062723c751e8b465ee728b)
Start importing Assets/Scenes/OptionsSettings.lighting using Guid(55de86d1b69d98d47be7db3435b0bd17) Importer(815301076,1909f56bfc062723c751e8b465ee728b)  -> (artifact id: 'bf84a221427a00720c5e0a49a2d71e88') in 0.002944 seconds
  Import took 0.004844 seconds .

========================================================================
Received Import Request.
  Time since last request: 2.635163 seconds.
  path: Assets/Prefab/UI/Button
  artifactKey: Guid(c2545fd0956e2cb42aed36972c218bf5) Importer(815301076,1909f56bfc062723c751e8b465ee728b)
Start importing Assets/Prefab/UI/Button using Guid(c2545fd0956e2cb42aed36972c218bf5) Importer(815301076,1909f56bfc062723c751e8b465ee728b)  -> (artifact id: 'f47022d83b3250e4d6a9fff5803ddfa5') in 0.003281 seconds
  Import took 0.005031 seconds .

========================================================================
Received Import Request.
  Time since last request: 0.000989 seconds.
  path: Assets/Prefab/UI/Button
  artifactKey: Guid(c2545fd0956e2cb42aed36972c218bf5) Importer(815301076,1909f56bfc062723c751e8b465ee728b)
Start importing Assets/Prefab/UI/Button using Guid(c2545fd0956e2cb42aed36972c218bf5) Importer(815301076,1909f56bfc062723c751e8b465ee728b)  -> (artifact id: 'f47022d83b3250e4d6a9fff5803ddfa5') in 0.002512 seconds
  Import took 0.004095 seconds .

========================================================================
Received Import Request.
  Time since last request: 1.426967 seconds.
  path: Assets/Prefab/UI/Window/Options.prefab
  artifactKey: Guid(1b3b2d8110e61254a92549cc9a2e8afb) Importer(815301076,1909f56bfc062723c751e8b465ee728b)
Start importing Assets/Prefab/UI/Window/Options.prefab using Guid(1b3b2d8110e61254a92549cc9a2e8afb) Importer(815301076,1909f56bfc062723c751e8b465ee728b)  -> (artifact id: '7b289fd514b86a3e5c030778e8283d0e') in 0.044372 seconds
  Import took 0.046399 seconds .

========================================================================
Received Import Request.
  Time since last request: 5.375570 seconds.
  path: Assets/Prefab/Manager Object/TittleUIScriptManager.prefab
  artifactKey: Guid(a48539a238ccb07448919a3c816f2689) Importer(815301076,1909f56bfc062723c751e8b465ee728b)
Start importing Assets/Prefab/Manager Object/TittleUIScriptManager.prefab using Guid(a48539a238ccb07448919a3c816f2689) Importer(815301076,1909f56bfc062723c751e8b465ee728b)  -> (artifact id: '367c75dbef65109352d1da3cf51f1f2c') in 0.007244 seconds
  Import took 0.010918 seconds .

========================================================================
Received Import Request.
  Time since last request: 21.432239 seconds.
  path: Assets/Flat UI/Prefabs
  artifactKey: Guid(207a75553384b164a8eec4c751d2fea6) Importer(815301076,1909f56bfc062723c751e8b465ee728b)
Start importing Assets/Flat UI/Prefabs using Guid(207a75553384b164a8eec4c751d2fea6) Importer(815301076,1909f56bfc062723c751e8b465ee728b)  -> (artifact id: '7f01c889f207a0394156034422a09cb5') in 0.003211 seconds
  Import took 0.007956 seconds .

AssetImportWorkerClient::OnTransportError - code=2 error=End of file
